I0514 14:46:12.514518 17291 Util.cpp:155] commandline: /usr/bin/../opt/paddle/bin/paddle_trainer --config=trainer_config.py --save_dir=./output --trainer_count=4 --log_period=1000 --dot_period=10 --num_passes=100 --use_gpu=false 
I0514 14:46:12.514695 17291 Util.cpp:130] Calling runInitFunctions
I0514 14:46:12.514868 17291 Util.cpp:143] Call runInitFunctions done.
[WARNING 2017-05-14 14:46:12,586 layers.py:4598] softmax is not recommend for multi_binary_label_cross_entropy's activation, maybe the sigmoid is better
I0514 14:46:12.587975 17291 Trainer.cpp:170] trainer mode: Normal
I0514 14:46:12.588624 17291 PyDataProvider2.cpp:257] loading dataprovider dataprovider::process
I0514 14:46:12.679558 17291 PyDataProvider2.cpp:257] loading dataprovider dataprovider::process
I0514 14:46:12.681085 17291 GradientMachine.cpp:134] Initing parameters..
I0514 14:46:12.682364 17291 GradientMachine.cpp:141] Init parameters done.
I0514 14:46:13.704365 17300 ThreadLocal.cpp:37] thread use undeterministic rand seed:17301
..............I0514 14:46:13.918738 17291 TrainerInternal.cpp:182]  Pass=0 Batch=147 samples=9345 AvgCost=2.74812 Eval: 
I0514 14:46:13.918835 17302 ThreadLocal.cpp:37] thread use undeterministic rand seed:17303
I0514 14:46:13.973718 17291 Tester.cpp:127]  Test samples=9345 cost=2.46466 Eval: 
I0514 14:46:13.973790 17291 GradientMachine.cpp:112] Saving parameters to ./output/pass-00000
I0514 14:46:13.974216 17291 Util.cpp:230] copy trainer_config.py to ./output/pass-00000
..............I0514 14:46:14.099221 17291 TrainerInternal.cpp:182]  Pass=1 Batch=147 samples=9345 AvgCost=2.22931 Eval: 
I0514 14:46:14.153394 17291 Tester.cpp:127]  Test samples=9345 cost=2.0243 Eval: 
I0514 14:46:14.153452 17291 GradientMachine.cpp:112] Saving parameters to ./output/pass-00001
I0514 14:46:14.153976 17291 Util.cpp:230] copy trainer_config.py to ./output/pass-00001
..............I0514 14:46:14.278204 17291 TrainerInternal.cpp:182]  Pass=2 Batch=147 samples=9345 AvgCost=1.94971 Eval: 
I0514 14:46:14.331955 17291 Tester.cpp:127]  Test samples=9345 cost=1.87584 Eval: 
I0514 14:46:14.332010 17291 GradientMachine.cpp:112] Saving parameters to ./output/pass-00002
I0514 14:46:14.332525 17291 Util.cpp:230] copy trainer_config.py to ./output/pass-00002
..............I0514 14:46:14.457906 17291 TrainerInternal.cpp:182]  Pass=3 Batch=147 samples=9345 AvgCost=1.83219 Eval: 
I0514 14:46:14.512277 17291 Tester.cpp:127]  Test samples=9345 cost=1.84415 Eval: 
I0514 14:46:14.512339 17291 GradientMachine.cpp:112] Saving parameters to ./output/pass-00003
I0514 14:46:14.512821 17291 Util.cpp:230] copy trainer_config.py to ./output/pass-00003
..............I0514 14:46:14.642122 17291 TrainerInternal.cpp:182]  Pass=4 Batch=147 samples=9345 AvgCost=1.74724 Eval: 
I0514 14:46:14.695545 17291 Tester.cpp:127]  Test samples=9345 cost=1.70262 Eval: 
I0514 14:46:14.695595 17291 GradientMachine.cpp:112] Saving parameters to ./output/pass-00004
I0514 14:46:14.696106 17291 Util.cpp:230] copy trainer_config.py to ./output/pass-00004
..............I0514 14:46:14.823822 17291 TrainerInternal.cpp:182]  Pass=5 Batch=147 samples=9345 AvgCost=1.67422 Eval: 
I0514 14:46:14.878278 17291 Tester.cpp:127]  Test samples=9345 cost=1.64722 Eval: 
I0514 14:46:14.878335 17291 GradientMachine.cpp:112] Saving parameters to ./output/pass-00005
I0514 14:46:14.878876 17291 Util.cpp:230] copy trainer_config.py to ./output/pass-00005
..............I0514 14:46:15.004878 17291 TrainerInternal.cpp:182]  Pass=6 Batch=147 samples=9345 AvgCost=1.64897 Eval: 
I0514 14:46:15.057889 17291 Tester.cpp:127]  Test samples=9345 cost=1.62543 Eval: 
I0514 14:46:15.057941 17291 GradientMachine.cpp:112] Saving parameters to ./output/pass-00006
I0514 14:46:15.058421 17291 Util.cpp:230] copy trainer_config.py to ./output/pass-00006
..............I0514 14:46:15.182536 17291 TrainerInternal.cpp:182]  Pass=7 Batch=147 samples=9345 AvgCost=1.61173 Eval: 
I0514 14:46:15.235579 17291 Tester.cpp:127]  Test samples=9345 cost=1.5636 Eval: 
I0514 14:46:15.235642 17291 GradientMachine.cpp:112] Saving parameters to ./output/pass-00007
I0514 14:46:15.236192 17291 Util.cpp:230] copy trainer_config.py to ./output/pass-00007
..............I0514 14:46:15.360898 17291 TrainerInternal.cpp:182]  Pass=8 Batch=147 samples=9345 AvgCost=1.56853 Eval: 
I0514 14:46:15.417140 17291 Tester.cpp:127]  Test samples=9345 cost=1.51037 Eval: 
I0514 14:46:15.417199 17291 GradientMachine.cpp:112] Saving parameters to ./output/pass-00008
I0514 14:46:15.417661 17291 Util.cpp:230] copy trainer_config.py to ./output/pass-00008
..............I0514 14:46:15.540230 17291 TrainerInternal.cpp:182]  Pass=9 Batch=147 samples=9345 AvgCost=1.52944 Eval: 
I0514 14:46:15.594215 17291 Tester.cpp:127]  Test samples=9345 cost=1.52725 Eval: 
I0514 14:46:15.594270 17291 GradientMachine.cpp:112] Saving parameters to ./output/pass-00009
I0514 14:46:15.594681 17291 Util.cpp:230] copy trainer_config.py to ./output/pass-00009
..............I0514 14:46:15.718289 17291 TrainerInternal.cpp:182]  Pass=10 Batch=147 samples=9345 AvgCost=1.49078 Eval: 
I0514 14:46:15.771327 17291 Tester.cpp:127]  Test samples=9345 cost=1.45199 Eval: 
I0514 14:46:15.771373 17291 GradientMachine.cpp:112] Saving parameters to ./output/pass-00010
I0514 14:46:15.771826 17291 Util.cpp:230] copy trainer_config.py to ./output/pass-00010
..............I0514 14:46:15.898023 17291 TrainerInternal.cpp:182]  Pass=11 Batch=147 samples=9345 AvgCost=1.4513 Eval: 
I0514 14:46:15.951195 17291 Tester.cpp:127]  Test samples=9345 cost=1.45931 Eval: 
I0514 14:46:15.951244 17291 GradientMachine.cpp:112] Saving parameters to ./output/pass-00011
I0514 14:46:15.951622 17291 Util.cpp:230] copy trainer_config.py to ./output/pass-00011
..............I0514 14:46:16.073242 17291 TrainerInternal.cpp:182]  Pass=12 Batch=147 samples=9345 AvgCost=1.44279 Eval: 
I0514 14:46:16.128016 17291 Tester.cpp:127]  Test samples=9345 cost=1.47988 Eval: 
I0514 14:46:16.128064 17291 GradientMachine.cpp:112] Saving parameters to ./output/pass-00012
I0514 14:46:16.128443 17291 Util.cpp:230] copy trainer_config.py to ./output/pass-00012
..............I0514 14:46:16.251127 17291 TrainerInternal.cpp:182]  Pass=13 Batch=147 samples=9345 AvgCost=1.41604 Eval: 
I0514 14:46:16.305994 17291 Tester.cpp:127]  Test samples=9345 cost=1.45156 Eval: 
I0514 14:46:16.306047 17291 GradientMachine.cpp:112] Saving parameters to ./output/pass-00013
I0514 14:46:16.306424 17291 Util.cpp:230] copy trainer_config.py to ./output/pass-00013
..............I0514 14:46:16.429843 17291 TrainerInternal.cpp:182]  Pass=14 Batch=147 samples=9345 AvgCost=1.396 Eval: 
I0514 14:46:16.483309 17291 Tester.cpp:127]  Test samples=9345 cost=1.61971 Eval: 
I0514 14:46:16.483446 17291 GradientMachine.cpp:112] Saving parameters to ./output/pass-00014
I0514 14:46:16.483958 17291 Util.cpp:230] copy trainer_config.py to ./output/pass-00014
..............I0514 14:46:16.610543 17291 TrainerInternal.cpp:182]  Pass=15 Batch=147 samples=9345 AvgCost=1.38528 Eval: 
I0514 14:46:16.664094 17291 Tester.cpp:127]  Test samples=9345 cost=1.37769 Eval: 
I0514 14:46:16.664149 17291 GradientMachine.cpp:112] Saving parameters to ./output/pass-00015
I0514 14:46:16.664520 17291 Util.cpp:230] copy trainer_config.py to ./output/pass-00015
..............I0514 14:46:16.786535 17291 TrainerInternal.cpp:182]  Pass=16 Batch=147 samples=9345 AvgCost=1.33727 Eval: 
I0514 14:46:16.840797 17291 Tester.cpp:127]  Test samples=9345 cost=1.27929 Eval: 
I0514 14:46:16.840849 17291 GradientMachine.cpp:112] Saving parameters to ./output/pass-00016
I0514 14:46:16.841220 17291 Util.cpp:230] copy trainer_config.py to ./output/pass-00016
..............I0514 14:46:16.968225 17291 TrainerInternal.cpp:182]  Pass=17 Batch=147 samples=9345 AvgCost=1.33951 Eval: 
I0514 14:46:17.020601 17291 Tester.cpp:127]  Test samples=9345 cost=1.35047 Eval: 
I0514 14:46:17.020655 17291 GradientMachine.cpp:112] Saving parameters to ./output/pass-00017
I0514 14:46:17.021168 17291 Util.cpp:230] copy trainer_config.py to ./output/pass-00017
..............I0514 14:46:17.142724 17291 TrainerInternal.cpp:182]  Pass=18 Batch=147 samples=9345 AvgCost=1.29269 Eval: 
I0514 14:46:17.195366 17291 Tester.cpp:127]  Test samples=9345 cost=1.27206 Eval: 
I0514 14:46:17.195430 17291 GradientMachine.cpp:112] Saving parameters to ./output/pass-00018
I0514 14:46:17.195868 17291 Util.cpp:230] copy trainer_config.py to ./output/pass-00018
..............I0514 14:46:17.321974 17291 TrainerInternal.cpp:182]  Pass=19 Batch=147 samples=9345 AvgCost=1.26105 Eval: 
I0514 14:46:17.377073 17291 Tester.cpp:127]  Test samples=9345 cost=1.42955 Eval: 
I0514 14:46:17.377121 17291 GradientMachine.cpp:112] Saving parameters to ./output/pass-00019
I0514 14:46:17.377475 17291 Util.cpp:230] copy trainer_config.py to ./output/pass-00019
..............I0514 14:46:17.500803 17291 TrainerInternal.cpp:182]  Pass=20 Batch=147 samples=9345 AvgCost=1.2425 Eval: 
I0514 14:46:17.554280 17291 Tester.cpp:127]  Test samples=9345 cost=1.1765 Eval: 
I0514 14:46:17.554334 17291 GradientMachine.cpp:112] Saving parameters to ./output/pass-00020
I0514 14:46:17.554760 17291 Util.cpp:230] copy trainer_config.py to ./output/pass-00020
..............I0514 14:46:17.680574 17291 TrainerInternal.cpp:182]  Pass=21 Batch=147 samples=9345 AvgCost=1.19227 Eval: 
I0514 14:46:17.736047 17291 Tester.cpp:127]  Test samples=9345 cost=1.24015 Eval: 
I0514 14:46:17.736096 17291 GradientMachine.cpp:112] Saving parameters to ./output/pass-00021
I0514 14:46:17.736472 17291 Util.cpp:230] copy trainer_config.py to ./output/pass-00021
..............I0514 14:46:17.860162 17291 TrainerInternal.cpp:182]  Pass=22 Batch=147 samples=9345 AvgCost=1.18601 Eval: 
I0514 14:46:17.913398 17291 Tester.cpp:127]  Test samples=9345 cost=1.0951 Eval: 
I0514 14:46:17.913458 17291 GradientMachine.cpp:112] Saving parameters to ./output/pass-00022
I0514 14:46:17.913928 17291 Util.cpp:230] copy trainer_config.py to ./output/pass-00022
..............I0514 14:46:18.038290 17291 TrainerInternal.cpp:182]  Pass=23 Batch=147 samples=9345 AvgCost=1.15275 Eval: 
I0514 14:46:18.091548 17291 Tester.cpp:127]  Test samples=9345 cost=1.18252 Eval: 
I0514 14:46:18.091603 17291 GradientMachine.cpp:112] Saving parameters to ./output/pass-00023
I0514 14:46:18.091977 17291 Util.cpp:230] copy trainer_config.py to ./output/pass-00023
..............I0514 14:46:18.213773 17291 TrainerInternal.cpp:182]  Pass=24 Batch=147 samples=9345 AvgCost=1.14649 Eval: 
I0514 14:46:18.267072 17291 Tester.cpp:127]  Test samples=9345 cost=1.09405 Eval: 
I0514 14:46:18.267127 17291 GradientMachine.cpp:112] Saving parameters to ./output/pass-00024
I0514 14:46:18.267648 17291 Util.cpp:230] copy trainer_config.py to ./output/pass-00024
..............I0514 14:46:18.393811 17291 TrainerInternal.cpp:182]  Pass=25 Batch=147 samples=9345 AvgCost=1.09185 Eval: 
I0514 14:46:18.448181 17291 Tester.cpp:127]  Test samples=9345 cost=1.03449 Eval: 
I0514 14:46:18.448233 17291 GradientMachine.cpp:112] Saving parameters to ./output/pass-00025
I0514 14:46:18.448565 17291 Util.cpp:230] copy trainer_config.py to ./output/pass-00025
..............I0514 14:46:18.571532 17291 TrainerInternal.cpp:182]  Pass=26 Batch=147 samples=9345 AvgCost=1.09089 Eval: 
I0514 14:46:18.625129 17291 Tester.cpp:127]  Test samples=9345 cost=1.00624 Eval: 
I0514 14:46:18.625186 17291 GradientMachine.cpp:112] Saving parameters to ./output/pass-00026
I0514 14:46:18.625566 17291 Util.cpp:230] copy trainer_config.py to ./output/pass-00026
..............I0514 14:46:18.750188 17291 TrainerInternal.cpp:182]  Pass=27 Batch=147 samples=9345 AvgCost=1.01038 Eval: 
I0514 14:46:18.803182 17291 Tester.cpp:127]  Test samples=9345 cost=1.01671 Eval: 
I0514 14:46:18.803233 17291 GradientMachine.cpp:112] Saving parameters to ./output/pass-00027
I0514 14:46:18.803827 17291 Util.cpp:230] copy trainer_config.py to ./output/pass-00027
..............I0514 14:46:18.928339 17291 TrainerInternal.cpp:182]  Pass=28 Batch=147 samples=9345 AvgCost=0.993537 Eval: 
I0514 14:46:18.983397 17291 Tester.cpp:127]  Test samples=9345 cost=0.967707 Eval: 
I0514 14:46:18.983464 17291 GradientMachine.cpp:112] Saving parameters to ./output/pass-00028
I0514 14:46:18.983899 17291 Util.cpp:230] copy trainer_config.py to ./output/pass-00028
..............I0514 14:46:19.106927 17291 TrainerInternal.cpp:182]  Pass=29 Batch=147 samples=9345 AvgCost=0.967969 Eval: 
I0514 14:46:19.161156 17291 Tester.cpp:127]  Test samples=9345 cost=0.970401 Eval: 
I0514 14:46:19.161207 17291 GradientMachine.cpp:112] Saving parameters to ./output/pass-00029
I0514 14:46:19.161568 17291 Util.cpp:230] copy trainer_config.py to ./output/pass-00029
..............I0514 14:46:19.309057 17291 TrainerInternal.cpp:182]  Pass=30 Batch=147 samples=9345 AvgCost=0.954283 Eval: 
I0514 14:46:19.365329 17291 Tester.cpp:127]  Test samples=9345 cost=0.887009 Eval: 
I0514 14:46:19.365380 17291 GradientMachine.cpp:112] Saving parameters to ./output/pass-00030
I0514 14:46:19.365777 17291 Util.cpp:230] copy trainer_config.py to ./output/pass-00030
..............I0514 14:46:19.487903 17291 TrainerInternal.cpp:182]  Pass=31 Batch=147 samples=9345 AvgCost=1.023 Eval: 
I0514 14:46:19.541752 17291 Tester.cpp:127]  Test samples=9345 cost=0.886246 Eval: 
I0514 14:46:19.541813 17291 GradientMachine.cpp:112] Saving parameters to ./output/pass-00031
I0514 14:46:19.542290 17291 Util.cpp:230] copy trainer_config.py to ./output/pass-00031
..............I0514 14:46:19.665298 17291 TrainerInternal.cpp:182]  Pass=32 Batch=147 samples=9345 AvgCost=0.93731 Eval: 
I0514 14:46:19.719815 17291 Tester.cpp:127]  Test samples=9345 cost=0.956114 Eval: 
I0514 14:46:19.719868 17291 GradientMachine.cpp:112] Saving parameters to ./output/pass-00032
I0514 14:46:19.720242 17291 Util.cpp:230] copy trainer_config.py to ./output/pass-00032
..............I0514 14:46:19.847606 17291 TrainerInternal.cpp:182]  Pass=33 Batch=147 samples=9345 AvgCost=0.89916 Eval: 
I0514 14:46:19.901739 17291 Tester.cpp:127]  Test samples=9345 cost=0.979845 Eval: 
I0514 14:46:19.901793 17291 GradientMachine.cpp:112] Saving parameters to ./output/pass-00033
I0514 14:46:19.902155 17291 Util.cpp:230] copy trainer_config.py to ./output/pass-00033
..............I0514 14:46:20.025701 17291 TrainerInternal.cpp:182]  Pass=34 Batch=147 samples=9345 AvgCost=0.879416 Eval: 
I0514 14:46:20.079490 17291 Tester.cpp:127]  Test samples=9345 cost=0.881637 Eval: 
I0514 14:46:20.079542 17291 GradientMachine.cpp:112] Saving parameters to ./output/pass-00034
I0514 14:46:20.079937 17291 Util.cpp:230] copy trainer_config.py to ./output/pass-00034
..............I0514 14:46:20.202002 17291 TrainerInternal.cpp:182]  Pass=35 Batch=147 samples=9345 AvgCost=0.872718 Eval: 
I0514 14:46:20.256728 17291 Tester.cpp:127]  Test samples=9345 cost=0.912929 Eval: 
I0514 14:46:20.256783 17291 GradientMachine.cpp:112] Saving parameters to ./output/pass-00035
I0514 14:46:20.257175 17291 Util.cpp:230] copy trainer_config.py to ./output/pass-00035
..............I0514 14:46:20.377427 17291 TrainerInternal.cpp:182]  Pass=36 Batch=147 samples=9345 AvgCost=0.87477 Eval: 
I0514 14:46:20.433686 17291 Tester.cpp:127]  Test samples=9345 cost=0.887403 Eval: 
I0514 14:46:20.434602 17291 GradientMachine.cpp:112] Saving parameters to ./output/pass-00036
I0514 14:46:20.434988 17291 Util.cpp:230] copy trainer_config.py to ./output/pass-00036
..............I0514 14:46:20.560246 17291 TrainerInternal.cpp:182]  Pass=37 Batch=147 samples=9345 AvgCost=0.835492 Eval: 
I0514 14:46:20.612834 17291 Tester.cpp:127]  Test samples=9345 cost=0.966114 Eval: 
I0514 14:46:20.612895 17291 GradientMachine.cpp:112] Saving parameters to ./output/pass-00037
I0514 14:46:20.613364 17291 Util.cpp:230] copy trainer_config.py to ./output/pass-00037
..............I0514 14:46:20.736989 17291 TrainerInternal.cpp:182]  Pass=38 Batch=147 samples=9345 AvgCost=0.849344 Eval: 
I0514 14:46:20.789440 17291 Tester.cpp:127]  Test samples=9345 cost=0.958877 Eval: 
I0514 14:46:20.789504 17291 GradientMachine.cpp:112] Saving parameters to ./output/pass-00038
I0514 14:46:20.790007 17291 Util.cpp:230] copy trainer_config.py to ./output/pass-00038
..............I0514 14:46:20.915431 17291 TrainerInternal.cpp:182]  Pass=39 Batch=147 samples=9345 AvgCost=0.833513 Eval: 
I0514 14:46:20.970204 17291 Tester.cpp:127]  Test samples=9345 cost=0.839405 Eval: 
I0514 14:46:20.970259 17291 GradientMachine.cpp:112] Saving parameters to ./output/pass-00039
I0514 14:46:20.970657 17291 Util.cpp:230] copy trainer_config.py to ./output/pass-00039
..............I0514 14:46:21.093108 17291 TrainerInternal.cpp:182]  Pass=40 Batch=147 samples=9345 AvgCost=0.840404 Eval: 
I0514 14:46:21.146522 17291 Tester.cpp:127]  Test samples=9345 cost=0.766921 Eval: 
I0514 14:46:21.146587 17291 GradientMachine.cpp:112] Saving parameters to ./output/pass-00040
I0514 14:46:21.147084 17291 Util.cpp:230] copy trainer_config.py to ./output/pass-00040
..............I0514 14:46:21.269251 17291 TrainerInternal.cpp:182]  Pass=41 Batch=147 samples=9345 AvgCost=0.791798 Eval: 
I0514 14:46:21.322077 17291 Tester.cpp:127]  Test samples=9345 cost=0.732564 Eval: 
I0514 14:46:21.322140 17291 GradientMachine.cpp:112] Saving parameters to ./output/pass-00041
I0514 14:46:21.322535 17291 Util.cpp:230] copy trainer_config.py to ./output/pass-00041
..............I0514 14:46:21.443598 17291 TrainerInternal.cpp:182]  Pass=42 Batch=147 samples=9345 AvgCost=0.7749 Eval: 
I0514 14:46:21.497525 17291 Tester.cpp:127]  Test samples=9345 cost=0.738941 Eval: 
I0514 14:46:21.497573 17291 GradientMachine.cpp:112] Saving parameters to ./output/pass-00042
I0514 14:46:21.497927 17291 Util.cpp:230] copy trainer_config.py to ./output/pass-00042
..............I0514 14:46:21.619099 17291 TrainerInternal.cpp:182]  Pass=43 Batch=147 samples=9345 AvgCost=0.777433 Eval: 
I0514 14:46:21.672204 17291 Tester.cpp:127]  Test samples=9345 cost=0.727496 Eval: 
I0514 14:46:21.672255 17291 GradientMachine.cpp:112] Saving parameters to ./output/pass-00043
I0514 14:46:21.672634 17291 Util.cpp:230] copy trainer_config.py to ./output/pass-00043
..............I0514 14:46:21.794939 17291 TrainerInternal.cpp:182]  Pass=44 Batch=147 samples=9345 AvgCost=0.750336 Eval: 
I0514 14:46:21.849740 17291 Tester.cpp:127]  Test samples=9345 cost=0.713571 Eval: 
I0514 14:46:21.849791 17291 GradientMachine.cpp:112] Saving parameters to ./output/pass-00044
I0514 14:46:21.850167 17291 Util.cpp:230] copy trainer_config.py to ./output/pass-00044
..............I0514 14:46:21.973188 17291 TrainerInternal.cpp:182]  Pass=45 Batch=147 samples=9345 AvgCost=0.73756 Eval: 
I0514 14:46:22.026991 17291 Tester.cpp:127]  Test samples=9345 cost=0.742031 Eval: 
I0514 14:46:22.027043 17291 GradientMachine.cpp:112] Saving parameters to ./output/pass-00045
I0514 14:46:22.027423 17291 Util.cpp:230] copy trainer_config.py to ./output/pass-00045
..............I0514 14:46:22.152227 17291 TrainerInternal.cpp:182]  Pass=46 Batch=147 samples=9345 AvgCost=0.718128 Eval: 
I0514 14:46:22.205512 17291 Tester.cpp:127]  Test samples=9345 cost=0.70055 Eval: 
I0514 14:46:22.205576 17291 GradientMachine.cpp:112] Saving parameters to ./output/pass-00046
I0514 14:46:22.206053 17291 Util.cpp:230] copy trainer_config.py to ./output/pass-00046
..............I0514 14:46:22.327973 17291 TrainerInternal.cpp:182]  Pass=47 Batch=147 samples=9345 AvgCost=0.713629 Eval: 
I0514 14:46:22.381942 17291 Tester.cpp:127]  Test samples=9345 cost=0.670446 Eval: 
I0514 14:46:22.381992 17291 GradientMachine.cpp:112] Saving parameters to ./output/pass-00047
I0514 14:46:22.382370 17291 Util.cpp:230] copy trainer_config.py to ./output/pass-00047
..............I0514 14:46:22.505229 17291 TrainerInternal.cpp:182]  Pass=48 Batch=147 samples=9345 AvgCost=0.693529 Eval: 
I0514 14:46:22.559126 17291 Tester.cpp:127]  Test samples=9345 cost=0.654848 Eval: 
I0514 14:46:22.559175 17291 GradientMachine.cpp:112] Saving parameters to ./output/pass-00048
I0514 14:46:22.559556 17291 Util.cpp:230] copy trainer_config.py to ./output/pass-00048
..............I0514 14:46:22.684553 17291 TrainerInternal.cpp:182]  Pass=49 Batch=147 samples=9345 AvgCost=0.692854 Eval: 
I0514 14:46:22.739240 17291 Tester.cpp:127]  Test samples=9345 cost=0.652468 Eval: 
I0514 14:46:22.739289 17291 GradientMachine.cpp:112] Saving parameters to ./output/pass-00049
I0514 14:46:22.739786 17291 Util.cpp:230] copy trainer_config.py to ./output/pass-00049
..............I0514 14:46:22.866241 17291 TrainerInternal.cpp:182]  Pass=50 Batch=147 samples=9345 AvgCost=0.69604 Eval: 
I0514 14:46:22.920001 17291 Tester.cpp:127]  Test samples=9345 cost=0.697387 Eval: 
I0514 14:46:22.920050 17291 GradientMachine.cpp:112] Saving parameters to ./output/pass-00050
I0514 14:46:22.920425 17291 Util.cpp:230] copy trainer_config.py to ./output/pass-00050
..............I0514 14:46:23.042834 17291 TrainerInternal.cpp:182]  Pass=51 Batch=147 samples=9345 AvgCost=0.697002 Eval: 
I0514 14:46:23.098029 17291 Tester.cpp:127]  Test samples=9345 cost=0.724649 Eval: 
I0514 14:46:23.098088 17291 GradientMachine.cpp:112] Saving parameters to ./output/pass-00051
I0514 14:46:23.098541 17291 Util.cpp:230] copy trainer_config.py to ./output/pass-00051
..............I0514 14:46:23.222826 17291 TrainerInternal.cpp:182]  Pass=52 Batch=147 samples=9345 AvgCost=0.636394 Eval: 
I0514 14:46:23.276425 17291 Tester.cpp:127]  Test samples=9345 cost=0.672335 Eval: 
I0514 14:46:23.276487 17291 GradientMachine.cpp:112] Saving parameters to ./output/pass-00052
I0514 14:46:23.276973 17291 Util.cpp:230] copy trainer_config.py to ./output/pass-00052
..............I0514 14:46:23.400029 17291 TrainerInternal.cpp:182]  Pass=53 Batch=147 samples=9345 AvgCost=0.649507 Eval: 
I0514 14:46:23.452960 17291 Tester.cpp:127]  Test samples=9345 cost=0.603286 Eval: 
I0514 14:46:23.453013 17291 GradientMachine.cpp:112] Saving parameters to ./output/pass-00053
I0514 14:46:23.453409 17291 Util.cpp:230] copy trainer_config.py to ./output/pass-00053
..............I0514 14:46:23.580626 17291 TrainerInternal.cpp:182]  Pass=54 Batch=147 samples=9345 AvgCost=0.674137 Eval: 
I0514 14:46:23.634500 17291 Tester.cpp:127]  Test samples=9345 cost=0.735621 Eval: 
I0514 14:46:23.634547 17291 GradientMachine.cpp:112] Saving parameters to ./output/pass-00054
I0514 14:46:23.634932 17291 Util.cpp:230] copy trainer_config.py to ./output/pass-00054
..............I0514 14:46:23.757361 17291 TrainerInternal.cpp:182]  Pass=55 Batch=147 samples=9345 AvgCost=0.661876 Eval: 
I0514 14:46:23.811173 17291 Tester.cpp:127]  Test samples=9345 cost=0.574038 Eval: 
I0514 14:46:23.811223 17291 GradientMachine.cpp:112] Saving parameters to ./output/pass-00055
I0514 14:46:23.811604 17291 Util.cpp:230] copy trainer_config.py to ./output/pass-00055
..............I0514 14:46:23.937528 17291 TrainerInternal.cpp:182]  Pass=56 Batch=147 samples=9345 AvgCost=0.634175 Eval: 
I0514 14:46:23.991611 17291 Tester.cpp:127]  Test samples=9345 cost=0.638348 Eval: 
I0514 14:46:23.991664 17291 GradientMachine.cpp:112] Saving parameters to ./output/pass-00056
I0514 14:46:23.992032 17291 Util.cpp:230] copy trainer_config.py to ./output/pass-00056
..............I0514 14:46:24.112316 17291 TrainerInternal.cpp:182]  Pass=57 Batch=147 samples=9345 AvgCost=0.610458 Eval: 
I0514 14:46:24.167701 17291 Tester.cpp:127]  Test samples=9345 cost=0.615045 Eval: 
I0514 14:46:24.167759 17291 GradientMachine.cpp:112] Saving parameters to ./output/pass-00057
I0514 14:46:24.168195 17291 Util.cpp:230] copy trainer_config.py to ./output/pass-00057
..............I0514 14:46:24.291301 17291 TrainerInternal.cpp:182]  Pass=58 Batch=147 samples=9345 AvgCost=0.601168 Eval: 
I0514 14:46:24.345909 17291 Tester.cpp:127]  Test samples=9345 cost=0.576945 Eval: 
I0514 14:46:24.345957 17291 GradientMachine.cpp:112] Saving parameters to ./output/pass-00058
I0514 14:46:24.346297 17291 Util.cpp:230] copy trainer_config.py to ./output/pass-00058
..............I0514 14:46:24.469202 17291 TrainerInternal.cpp:182]  Pass=59 Batch=147 samples=9345 AvgCost=0.611632 Eval: 
I0514 14:46:24.523635 17291 Tester.cpp:127]  Test samples=9345 cost=0.562868 Eval: 
I0514 14:46:24.523699 17291 GradientMachine.cpp:112] Saving parameters to ./output/pass-00059
I0514 14:46:24.524238 17291 Util.cpp:230] copy trainer_config.py to ./output/pass-00059
..............I0514 14:46:24.646330 17291 TrainerInternal.cpp:182]  Pass=60 Batch=147 samples=9345 AvgCost=0.601972 Eval: 
I0514 14:46:24.699452 17291 Tester.cpp:127]  Test samples=9345 cost=0.535045 Eval: 
I0514 14:46:24.699590 17291 GradientMachine.cpp:112] Saving parameters to ./output/pass-00060
I0514 14:46:24.700134 17291 Util.cpp:230] copy trainer_config.py to ./output/pass-00060
..............I0514 14:46:24.822309 17291 TrainerInternal.cpp:182]  Pass=61 Batch=147 samples=9345 AvgCost=0.580911 Eval: 
I0514 14:46:24.874882 17291 Tester.cpp:127]  Test samples=9345 cost=0.586428 Eval: 
I0514 14:46:24.876045 17291 GradientMachine.cpp:112] Saving parameters to ./output/pass-00061
I0514 14:46:24.876551 17291 Util.cpp:230] copy trainer_config.py to ./output/pass-00061
..............I0514 14:46:24.996892 17291 TrainerInternal.cpp:182]  Pass=62 Batch=147 samples=9345 AvgCost=0.580109 Eval: 
I0514 14:46:25.051288 17291 Tester.cpp:127]  Test samples=9345 cost=0.546779 Eval: 
I0514 14:46:25.051342 17291 GradientMachine.cpp:112] Saving parameters to ./output/pass-00062
I0514 14:46:25.051872 17291 Util.cpp:230] copy trainer_config.py to ./output/pass-00062
..............I0514 14:46:25.174172 17291 TrainerInternal.cpp:182]  Pass=63 Batch=147 samples=9345 AvgCost=0.580723 Eval: 
I0514 14:46:25.228163 17291 Tester.cpp:127]  Test samples=9345 cost=0.519217 Eval: 
I0514 14:46:25.228217 17291 GradientMachine.cpp:112] Saving parameters to ./output/pass-00063
I0514 14:46:25.228577 17291 Util.cpp:230] copy trainer_config.py to ./output/pass-00063
..............I0514 14:46:25.352501 17291 TrainerInternal.cpp:182]  Pass=64 Batch=147 samples=9345 AvgCost=0.563174 Eval: 
I0514 14:46:25.407416 17291 Tester.cpp:127]  Test samples=9345 cost=0.515533 Eval: 
I0514 14:46:25.407466 17291 GradientMachine.cpp:112] Saving parameters to ./output/pass-00064
I0514 14:46:25.407842 17291 Util.cpp:230] copy trainer_config.py to ./output/pass-00064
..............I0514 14:46:25.531482 17291 TrainerInternal.cpp:182]  Pass=65 Batch=147 samples=9345 AvgCost=0.570956 Eval: 
I0514 14:46:25.585587 17291 Tester.cpp:127]  Test samples=9345 cost=0.511109 Eval: 
I0514 14:46:25.585650 17291 GradientMachine.cpp:112] Saving parameters to ./output/pass-00065
I0514 14:46:25.586122 17291 Util.cpp:230] copy trainer_config.py to ./output/pass-00065
..............I0514 14:46:25.709488 17291 TrainerInternal.cpp:182]  Pass=66 Batch=147 samples=9345 AvgCost=0.550722 Eval: 
I0514 14:46:25.763391 17291 Tester.cpp:127]  Test samples=9345 cost=0.588668 Eval: 
I0514 14:46:25.763451 17291 GradientMachine.cpp:112] Saving parameters to ./output/pass-00066
I0514 14:46:25.763960 17291 Util.cpp:230] copy trainer_config.py to ./output/pass-00066
..............I0514 14:46:25.891113 17291 TrainerInternal.cpp:182]  Pass=67 Batch=147 samples=9345 AvgCost=0.532548 Eval: 
I0514 14:46:25.943732 17291 Tester.cpp:127]  Test samples=9345 cost=0.529374 Eval: 
I0514 14:46:25.943779 17291 GradientMachine.cpp:112] Saving parameters to ./output/pass-00067
I0514 14:46:25.944239 17291 Util.cpp:230] copy trainer_config.py to ./output/pass-00067
..............I0514 14:46:26.066361 17291 TrainerInternal.cpp:182]  Pass=68 Batch=147 samples=9345 AvgCost=0.514609 Eval: 
I0514 14:46:26.119462 17291 Tester.cpp:127]  Test samples=9345 cost=0.581739 Eval: 
I0514 14:46:26.119521 17291 GradientMachine.cpp:112] Saving parameters to ./output/pass-00068
I0514 14:46:26.119969 17291 Util.cpp:230] copy trainer_config.py to ./output/pass-00068
..............I0514 14:46:26.242736 17291 TrainerInternal.cpp:182]  Pass=69 Batch=147 samples=9345 AvgCost=0.528702 Eval: 
I0514 14:46:26.297000 17291 Tester.cpp:127]  Test samples=9345 cost=0.577251 Eval: 
I0514 14:46:26.297133 17291 GradientMachine.cpp:112] Saving parameters to ./output/pass-00069
I0514 14:46:26.297646 17291 Util.cpp:230] copy trainer_config.py to ./output/pass-00069
..............I0514 14:46:26.420286 17291 TrainerInternal.cpp:182]  Pass=70 Batch=147 samples=9345 AvgCost=0.508445 Eval: 
I0514 14:46:26.472334 17291 Tester.cpp:127]  Test samples=9345 cost=0.490058 Eval: 
I0514 14:46:26.472383 17291 GradientMachine.cpp:112] Saving parameters to ./output/pass-00070
I0514 14:46:26.472769 17291 Util.cpp:230] copy trainer_config.py to ./output/pass-00070
..............I0514 14:46:26.598155 17291 TrainerInternal.cpp:182]  Pass=71 Batch=147 samples=9345 AvgCost=0.563591 Eval: 
I0514 14:46:26.652125 17291 Tester.cpp:127]  Test samples=9345 cost=0.508255 Eval: 
I0514 14:46:26.652256 17291 GradientMachine.cpp:112] Saving parameters to ./output/pass-00071
I0514 14:46:26.652781 17291 Util.cpp:230] copy trainer_config.py to ./output/pass-00071
..............I0514 14:46:26.774448 17291 TrainerInternal.cpp:182]  Pass=72 Batch=147 samples=9345 AvgCost=0.503147 Eval: 
I0514 14:46:26.830534 17291 Tester.cpp:127]  Test samples=9345 cost=0.525988 Eval: 
I0514 14:46:26.830595 17291 GradientMachine.cpp:112] Saving parameters to ./output/pass-00072
I0514 14:46:26.830950 17291 Util.cpp:230] copy trainer_config.py to ./output/pass-00072
..............I0514 14:46:26.951952 17291 TrainerInternal.cpp:182]  Pass=73 Batch=147 samples=9345 AvgCost=0.534757 Eval: 
I0514 14:46:27.005440 17291 Tester.cpp:127]  Test samples=9345 cost=0.74827 Eval: 
I0514 14:46:27.005504 17291 GradientMachine.cpp:112] Saving parameters to ./output/pass-00073
I0514 14:46:27.005991 17291 Util.cpp:230] copy trainer_config.py to ./output/pass-00073
..............I0514 14:46:27.129284 17291 TrainerInternal.cpp:182]  Pass=74 Batch=147 samples=9345 AvgCost=0.516133 Eval: 
I0514 14:46:27.182286 17291 Tester.cpp:127]  Test samples=9345 cost=0.442503 Eval: 
I0514 14:46:27.182348 17291 GradientMachine.cpp:112] Saving parameters to ./output/pass-00074
I0514 14:46:27.182853 17291 Util.cpp:230] copy trainer_config.py to ./output/pass-00074
..............I0514 14:46:27.304738 17291 TrainerInternal.cpp:182]  Pass=75 Batch=147 samples=9345 AvgCost=0.482161 Eval: 
I0514 14:46:27.358099 17291 Tester.cpp:127]  Test samples=9345 cost=0.467702 Eval: 
I0514 14:46:27.358161 17291 GradientMachine.cpp:112] Saving parameters to ./output/pass-00075
I0514 14:46:27.358669 17291 Util.cpp:230] copy trainer_config.py to ./output/pass-00075
..............I0514 14:46:27.482806 17291 TrainerInternal.cpp:182]  Pass=76 Batch=147 samples=9345 AvgCost=0.504951 Eval: 
I0514 14:46:27.536895 17291 Tester.cpp:127]  Test samples=9345 cost=0.586709 Eval: 
I0514 14:46:27.536958 17291 GradientMachine.cpp:112] Saving parameters to ./output/pass-00076
I0514 14:46:27.537417 17291 Util.cpp:230] copy trainer_config.py to ./output/pass-00076
..............I0514 14:46:27.658831 17291 TrainerInternal.cpp:182]  Pass=77 Batch=147 samples=9345 AvgCost=0.516165 Eval: 
I0514 14:46:27.712036 17291 Tester.cpp:127]  Test samples=9345 cost=0.619322 Eval: 
I0514 14:46:27.712090 17291 GradientMachine.cpp:112] Saving parameters to ./output/pass-00077
I0514 14:46:27.712433 17291 Util.cpp:230] copy trainer_config.py to ./output/pass-00077
..............I0514 14:46:27.837651 17291 TrainerInternal.cpp:182]  Pass=78 Batch=147 samples=9345 AvgCost=0.502849 Eval: 
I0514 14:46:27.893483 17291 Tester.cpp:127]  Test samples=9345 cost=0.442566 Eval: 
I0514 14:46:27.893537 17291 GradientMachine.cpp:112] Saving parameters to ./output/pass-00078
I0514 14:46:27.893945 17291 Util.cpp:230] copy trainer_config.py to ./output/pass-00078
..............I0514 14:46:28.023712 17291 TrainerInternal.cpp:182]  Pass=79 Batch=147 samples=9345 AvgCost=0.540162 Eval: 
I0514 14:46:28.079267 17291 Tester.cpp:127]  Test samples=9345 cost=0.463928 Eval: 
I0514 14:46:28.079314 17291 GradientMachine.cpp:112] Saving parameters to ./output/pass-00079
I0514 14:46:28.079664 17291 Util.cpp:230] copy trainer_config.py to ./output/pass-00079
..............I0514 14:46:28.206698 17291 TrainerInternal.cpp:182]  Pass=80 Batch=147 samples=9345 AvgCost=0.508645 Eval: 
I0514 14:46:28.264045 17291 Tester.cpp:127]  Test samples=9345 cost=0.43363 Eval: 
I0514 14:46:28.264091 17291 GradientMachine.cpp:112] Saving parameters to ./output/pass-00080
I0514 14:46:28.264431 17291 Util.cpp:230] copy trainer_config.py to ./output/pass-00080
..............I0514 14:46:28.388257 17291 TrainerInternal.cpp:182]  Pass=81 Batch=147 samples=9345 AvgCost=0.484264 Eval: 
I0514 14:46:28.444563 17291 Tester.cpp:127]  Test samples=9345 cost=0.478842 Eval: 
I0514 14:46:28.444623 17291 GradientMachine.cpp:112] Saving parameters to ./output/pass-00081
I0514 14:46:28.445085 17291 Util.cpp:230] copy trainer_config.py to ./output/pass-00081
..............I0514 14:46:28.571561 17291 TrainerInternal.cpp:182]  Pass=82 Batch=147 samples=9345 AvgCost=0.466234 Eval: 
I0514 14:46:28.628541 17291 Tester.cpp:127]  Test samples=9345 cost=0.645195 Eval: 
I0514 14:46:28.628602 17291 GradientMachine.cpp:112] Saving parameters to ./output/pass-00082
I0514 14:46:28.629081 17291 Util.cpp:230] copy trainer_config.py to ./output/pass-00082
..............I0514 14:46:28.761251 17291 TrainerInternal.cpp:182]  Pass=83 Batch=147 samples=9345 AvgCost=0.521431 Eval: 
I0514 14:46:28.815448 17291 Tester.cpp:127]  Test samples=9345 cost=0.487711 Eval: 
I0514 14:46:28.815496 17291 GradientMachine.cpp:112] Saving parameters to ./output/pass-00083
I0514 14:46:28.815874 17291 Util.cpp:230] copy trainer_config.py to ./output/pass-00083
..............I0514 14:46:28.941241 17291 TrainerInternal.cpp:182]  Pass=84 Batch=147 samples=9345 AvgCost=0.490633 Eval: 
I0514 14:46:28.997745 17291 Tester.cpp:127]  Test samples=9345 cost=0.655119 Eval: 
I0514 14:46:28.997797 17291 GradientMachine.cpp:112] Saving parameters to ./output/pass-00084
I0514 14:46:28.998226 17291 Util.cpp:230] copy trainer_config.py to ./output/pass-00084
..............I0514 14:46:29.123718 17291 TrainerInternal.cpp:182]  Pass=85 Batch=147 samples=9345 AvgCost=0.527099 Eval: 
I0514 14:46:29.178961 17291 Tester.cpp:127]  Test samples=9345 cost=0.411031 Eval: 
I0514 14:46:29.179020 17291 GradientMachine.cpp:112] Saving parameters to ./output/pass-00085
I0514 14:46:29.179476 17291 Util.cpp:230] copy trainer_config.py to ./output/pass-00085
.......F0514 14:46:29.247033 17293 Matrix.cpp:3862] Check failed: out[j] > 0 && out[j] < 1.0 
*** Check failure stack trace: ***
    @     0x7ff528c80daa  (unknown)
    @     0x7ff528c80ce4  (unknown)
    @     0x7ff528c806e6  (unknown)
    @     0x7ff528c83687  (unknown)
    @           0x6f4d9e  paddle::CpuMatrix::multiBinaryLabelCrossEntropy()
    @           0x60fce5  paddle::MultiBinaryLabelCrossEntropy::forwardImp()
    @           0x60f955  paddle::CostLayer::forward()
    @           0x65943e  paddle::NeuralNetwork::forward()
    @           0x6741b7  paddle::TrainerThread::forward()
    @           0x6764d5  paddle::TrainerThread::computeThread()
    @     0x7ff528786c80  (unknown)
    @     0x7ff529abf6ba  start_thread
    @     0x7ff527eec82d  (unknown)
    @              (nil)  (unknown)
/usr/bin/paddle: line 109: 17291 Aborted                 (core dumped) ${DEBUGGER} $MYDIR/../opt/paddle/bin/paddle_trainer ${@:2}
